$$APEX,70,,,,,,,85.00,85.00,5.27*901A
$$APEX,71,,,,,,,15.00,17.38,5.19*9C8C
$$APEX,72,,,,,,,15.19,17.25,5.13*CF5F
$$APEX,73,,,,,,,15.88,17.25,5.07*C6A5
$$APEX,74,,,,,,,15.63,17.00,5.03*BACC
$$APEX,75,,,,,,,15.06,16.88,4.95*D523
$$APEX,76,,,,,,,15.00,16.69,4.91*B0B4
$$APEX,77,,,,,,,14.25,16.69,4.87*FEDB
$$APEX,78,,,,,,,14.31,16.75,4.84*18BD
$$APEX,79,10:35:34,5212.8079,00006.0143,00047,03,000.0,14.44,16.81,4.83*0A25
$$APEX,80,10:36:11,5212.8377,00006.0315,00009,05,000.0,14.88,16.88,4.78*753F
$$APEX,81,10:36:27,5212.8436,00006.0353,00021,06,000.0,14.75,16.88,4.76*FFD7
$$APEX,82,10:36:43,5212.8453,00006.0365,00024,06,000.0,14.81,16.88,4.75*C0B8
$$APEX,83,10:36:59,5212.8458,00006.0369,00025,07,000.0,14.69,16.88,4.74*3EBF
$$APEX,84,10:37:15,5212.8459,00006.0371,00025,07,000.0,14.50,16.88,4.73*EE2A
$$APEX,85,10:37:52,5212.8457,00006.0372,00025,06,000.0,14.31,16.94,4.71*BDA7
$$APEX,86,10:38:08,5212.8457,00006.0371,00024,07,000.0,14.19,16.94,4.70*C60A
$$APEX,87,10:38:24,5212.8456,00006.0370,00024,06,000.0,14.19,16.94,4.69*32D5
$$APEX,88,10:38:40,5212.8455,00006.0370,00024,07,000.0,14.06,16.94,4.68*E037
$$APEX,89,10:38:56,5212.8454,00006.0369,00023,07,000.0,14.00,16.94,4.67*475D
$$APEX,90,10:39:33,5212.8446,00006.0346,00018,07,000.0,13.81,17.00,4.65*3AE0
$$APEX,91,10:39:49,5212.8442,00006.0341,00016,08,000.0,14.00,17.06,4.64*D30E
$$APEX,92,10:40:05,5212.8437,00006.0337,00015,07,000.0,14.06,17.06,4.63*A092
$$APEX,93,10:40:21,5212.8435,00006.0335,00014,08,000.0,14.06,17.00,4.63*992C
$$APEX,94,10:40:37,5212.8435,00006.0334,00014,08,000.0,14.00,17.06,4.62*A5FE
$$APEX,95,10:41:14,5212.8435,00006.0341,00016,07,000.0,13.94,17.00,4.59*FC2C
$$APEX,96,10:41:30,5212.8435,00006.0343,00016,08,000.0,13.94,17.06,4.59*78D4
$$APEX,97,10:41:46,5212.8435,00006.0345,00016,07,000.0,13.94,17.06,4.58*C828
$$APEX,98,10:42:02,5212.8436,00006.0346,00017,05,000.0,14.06,17.06,4.58*5C6D
$$APEX,99,10:42:18,5212.8436,00006.0348,00017,07,000.0,14.19,17.06,4.57*1A51
$$APEX,100,,,,,,,85.00,85.00,4.71*3BA1
$$APEX,101,,,,,,,19.81,17.13,4.65*E786
$$APEX,102,,,,,,,19.94,17.31,4.61*5E66
$$APEX,103,,,,,,,20.06,17.38,4.58*CCDA
$$APEX,104,,,,,,,19.88,17.63,4.55*5843
$$APEX,105,,,,,,,19.44,17.88,4.54*96C0
$$APEX,106,,,,,,,18.81,17.81,4.53*596A
$$APEX,107,10:51:21,5212.7702,00006.0049,00047,03,000.0,18.06,18.13,4.53*C6BA
$$APEX,108,10:51:37,5212.7720,00006.0052,00042,04,000.0,17.75,18.44,4.52*8964
$$APEX,109,10:51:53,5212.8173,00006.0238,00000,04,000.0,16.94,18.75,4.52*7A63
$$APEX,110,10:52:29,5212.8371,00006.0308,00018,05,000.1,17.13,18.88,4.52*D45A
$$APEX,111,10:52:45,5212.8414,00006.0326,00021,05,000.0,17.44,19.13,4.51*53D7
$$APEX,112,10:53:01,5212.8413,00006.0326,00021,04,000.0,17.44,19.25,4.51*98F9
$$APEX,113,10:53:17,5212.8413,00006.0326,00020,05,000.0,16.88,19.31,4.51*FDD3
$$APEX,114,10:53:33,5212.8413,00006.0327,00020,05,000.0,16.44,19.38,4.51*4026
$$APEX,115,10:54:10,5212.8412,00006.0330,00020,04,000.0,16.19,19.25,4.51*9CB8
$$APEX,116,10:54:26,5212.8412,00006.0332,00021,06,000.0,15.63,19.44,4.51*1EC1
$$APEX,117,10:54:42,5212.8410,00006.0336,00021,06,000.0,15.38,19.50,4.51*FA8E
$$APEX,118,10:54:58,5212.8415,00006.0342,00022,06,000.0,15.19,19.38,4.51*1155
$$APEX,119,10:55:14,5212.8416,00006.0346,00022,06,000.0,15.19,19.44,4.51*365B
$$APEX,120,10:55:51,5212.8420,00006.0347,00022,06,000.0,14.75,19.31,4.51*9D82
$$APEX,121,10:56:07,5212.8427,00006.0359,00020,07,000.0,14.44,18.88,4.51*A61E
$$APEX,122,10:56:23,5212.8433,00006.0357,00020,06,000.0,14.06,18.56,4.51*3E3E
$$APEX,124,,,,,,,85.00,85.00,4.65*1F70
$$APEX,125,,,,,,,16.44,17.13,4.60*BFC3
$$APEX,126,,,,,,,16.06,17.19,4.56*5616
$$APEX,127,,,,,,,15.81,17.25,4.54*7202
$$APEX,128,,,,,,,15.56,17.31,4.52*C2EB
$$APEX,129,,,,,,,15.38,17.31,4.51*5A76
$$APEX,130,11:03:38,5212.8719,00006.0054,00046,03,,15.50,17.38,4.51*2C6D
$$APEX,131,11:03:38,5212.8719,00006.0054,00046,03,,15.75,17.44,4.51*01E2
$$APEX,132,11:03:38,5212.8719,00006.0054,00046,03,,15.38,17.44,4.51*CCB6
$$APEX,133,11:03:38,5212.8719,00006.0054,00046,03,,15.00,17.31,4.51*F9B1
$$APEX,134,11:04:59,5212.8477,00006.0377,00016,04,000.0,14.75,17.31,4.51*8308
$$APEX,135,11:05:14,5212.8462,00006.0366,00019,04,,14.63,17.44,4.51*3CA1
$$APEX,136,11:05:30,5212.8463,00006.0364,00022,05,000.0,14.25,17.31,4.51*544B
$$APEX,137,11:05:45,5212.8457,00006.0341,00025,04,000.0,14.63,17.44,4.51*A932
$$APEX,138,11:05:45,5212.8457,00006.0341,00025,04,000.0,15.19,17.50,4.51*8A50
$$APEX,139,11:05:45,5212.8457,00006.0341,00025,04,000.0,15.75,17.56,4.51*8D5A
$$APEX,140,11:05:45,5212.8457,00006.0341,00025,04,000.0,16.44,17.75,4.51*BB4C
$$APEX,141,11:05:45,5212.8457,00006.0341,00025,04,000.0,16.50,17.81,4.51*6C4F
$$APEX,142,11:05:45,5212.8457,00006.0341,00025,04,000.0,15.81,17.88,4.51*BB6D
$$APEX,143,11:05:45,5212.8457,00006.0341,00025,04,000.0,15.25,18.00,4.51*2262
$$APEX,144,11:08:19,5212.8448,00006.0325,00027,03,000.0,15.06,18.13,4.52*60DF
$$APEX,145,11:08:19,5212.8448,00006.0325,00027,03,000.0,15.13,18.31,4.52*D342
$$APEX,146,11:08:19,5212.8448,00006.0325,00027,03,000.0,15.25,18.38,4.52*6B3F
$$APEX,147,11:08:19,5212.8448,00006.0325,00027,03,000.0,16.13,18.44,4.52*4DDA
$$APEX,148,11:08:19,5212.8448,00006.0325,00027,03,000.0,17.81,18.56,4.52*7CC0
$$APEX,149,11:08:19,5212.8448,00006.0325,00027,03,000.0,18.81,18.69,4.52*2D6F
$$APEX,150,11:08:19,5212.8448,00006.0325,00027,03,000.0,18.88,18.94,4.52*A356
$$APEX,151,11:08:19,5212.8448,00006.0325,00027,03,000.0,19.56,19.06,4.52*0EFB
$$APEX,152,11:08:19,5212.8448,00006.0325,00027,03,000.0,19.63,19.19,4.52*8699
$$APEX,153,11:08:19,5212.8448,00006.0325,00027,03,000.0,19.38,19.31,4.52*A63D
$$APEX,154,11:08:19,5212.8448,00006.0325,00027,03,000.0,18.50,19.44,4.52*BDB3
$$APEX,155,11:08:19,5212.8448,00006.0325,00027,03,000.0,16.06,19.75,4.52*89B3
$$APEX,156,11:08:19,5212.8448,00006.0325,00027,03,000.0,15.31,19.88,4.52*5DD6
$$APEX,157,11:08:19,5212.8448,00006.0325,00027,03,000.0,14.88,20.00,4.52*D108
$$APEX,158,11:08:19,5212.8448,00006.0325,00027,03,000.0,14.56,20.13,4.52*189F
$$APEX,159,11:08:19,5212.8448,00006.0325,00027,03,000.0,14.13,20.19,4.53*964C
$$APEX,160,11:08:19,5212.8448,00006.0325,00027,03,000.0,15.88,20.44,4.53*A191
$$APEX,161,11:08:19,5212.8448,00006.0325,00027,03,000.0,16.00,20.56,4.53*729B
$$APEX,162,11:08:19,5212.8448,00006.0325,00027,03,000.0,15.94,20.69,4.53*FBD6
$$APEX,163,11:08:19,5212.8448,00006.0325,00027,03,000.0,16.19,20.81,4.53*2A96
$$APEX,164,11:08:19,5212.8448,00006.0325,00027,03,000.0,16.44,20.88,4.53*4C47
$$APEX,165,11:08:19,5212.8448,00006.0325,00027,03,000.0,16.56,21.13,4.53*1F7F
$$APEX,166,11:08:19,5212.8448,00006.0325,00027,03,000.0,16.25,21.19,4.53*62EE
$$APEX,167,11:08:19,5212.8448,00006.0325,00027,03,000.0,16.19,21.31,4.53*C56A
$$APEX,168,11:08:19,5212.8448,00006.0325,00027,03,000.0,16.06,21.38,4.53*3F1C
$$APEX,169,11:08:19,5212.8448,00006.0325,00027,03,000.0,16.13,21.50,4.54*BBA2
$$APEX,170,11:08:19,5212.8448,00006.0325,00027,03,000.0,16.75,21.69,4.54*FDD9
$$APEX,171,11:08:19,5212.8448,00006.0325,00027,03,000.0,16.50,21.81,4.53*256F
$$APEX,172,11:08:19,5212.8448,00006.0325,00027,03,000.0,17.06,21.94,4.53*0F07
$$APEX,173,11:08:19,5212.8448,00006.0325,00027,03,000.0,17.06,22.00,4.53*1CD2
$$APEX,174,11:08:19,5212.8448,00006.0325,00027,03,000.0,17.75,22.13,4.54*AED7
$$APEX,175,11:08:19,5212.8448,00006.0325,00027,03,000.0,18.00,22.31,4.54*CDF3
$$APEX,176,11:08:19,5212.8448,00006.0325,00027,03,000.0,18.50,22.44,4.54*E37C
$$APEX,177,11:08:19,5212.8448,00006.0325,00027,03,000.0,18.38,22.50,4.53*AA64
$$APEX,178,11:08:19,5212.8448,00006.0325,00027,03,000.0,18.19,22.56,4.54*3AC5
$$APEX,179,11:08:19,5212.8448,00006.0325,00027,03,000.0,18.13,22.69,4.54*29FA
$$APEX,180,11:08:19,5212.8448,00006.0325,00027,03,000.0,18.75,22.88,4.54*FF31
$$APEX,181,11:08:19,5212.8448,00006.0325,00027,03,000.0,19.06,23.00,4.54*F86A
$$APEX,182,11:08:19,5212.8448,00006.0325,00027,03,000.0,18.81,23.06,4.54*EC62
$$APEX,183,11:08:19,5212.8448,00006.0325,00027,03,000.0,18.44,23.13,4.54*04A8
$$APEX,184,11:08:19,5212.8448,00006.0325,00027,03,000.0,18.56,23.25,4.55*7997
$$APEX,185,11:08:19,5212.8448,00006.0325,00027,03,000.0,18.50,23.44,4.55*85D0
$$APEX,186,11:08:19,5212.8448,00006.0325,00027,03,000.0,17.88,23.50,4.55*00FA
$$APEX,187,11:08:19,5212.8448,00006.0325,00027,03,000.0,17.13,23.63,4.55*556A
$$APEX,188,11:08:19,5212.8448,00006.0325,00027,03,000.0,16.44,23.75,4.55*6287
$$APEX,189,11:08:19,5212.8448,00006.0325,00027,03,000.0,16.00,23.81,4.55*F54A
$$APEX,190,11:08:19,5212.8448,00006.0325,00027,03,000.0,15.00,24.00,4.55*2387
$$APEX,191,11:08:19,5212.8448,00006.0325,00027,03,000.0,15.00,24.13,4.55*46FA
$$APEX,192,11:08:19,5212.8448,00006.0325,00027,03,000.0,14.81,24.19,4.55*522F
$$APEX,193,11:08:19,5212.8448,00006.0325,00027,03,000.0,14.81,24.25,4.55*92B2
$$APEX,194,11:08:19,5212.8448,00006.0325,00027,03,000.0,14.88,24.31,4.55*4F5B
$$APEX,195,11:08:19,5212.8448,00006.0325,00027,03,000.0,16.06,24.50,4.55*EE37
$$APEX,196,11:08:19,5212.8448,00006.0325,00027,03,000.0,16.44,24.56,4.55*5495
$$APEX,197,11:08:19,5212.8448,00006.0325,00027,03,000.0,16.94,24.63,4.55*977E
$$APEX,198,11:08:19,5212.8448,00006.0325,00027,03,000.0,17.19,24.69,4.55*45C7
$$APEX,199,11:08:19,5212.8448,00006.0325,00027,03,000.0,16.75,24.75,4.55*D252
$$APEX,200,11:08:19,5212.8448,00006.0325,00027,03,000.0,16.00,24.88,4.55*9B9C
$$APEX,201,11:08:19,5212.8448,00006.0325,00027,03,000.0,15.94,24.94,4.55*9B2A
$$APEX,202,11:08:19,5212.8448,00006.0325,00027,03,000.0,16.13,25.00,4.55*8954
$$APEX,203,11:08:19,5212.8448,00006.0325,00027,03,000.0,16.13,25.06,4.55*1749
$$APEX,204,11:08:19,5212.8448,00006.0325,00027,03,000.0,16.13,25.13,4.55*97DD
$$APEX,205,11:08:19,5212.8448,00006.0325,00027,03,000.0,16.38,25.19,4.55*96D2
$$APEX,206,11:08:19,5212.8448,00006.0325,00027,03,000.0,16.13,25.25,4.55*E546
$$APEX,207,11:08:19,5212.8448,00006.0325,00027,03,000.0,15.63,25.31,4.55*6157
$$APEX,208,11:08:19,5212.8448,00006.0325,00027,03,000.0,15.56,25.38,4.55*0CA5
$$APEX,209,11:08:19,5212.8448,00006.0325,00027,03,000.0,15.56,25.38,4.56*2F3A
$$APEX,210,11:08:19,5212.8448,00006.0325,00027,03,000.0,15.06,25.50,4.56*91DD
$$APEX,211,11:08:19,5212.8448,00006.0325,00027,03,000.0,14.56,25.56,4.56*E1F2
$$APEX,212,11:08:19,5212.8448,00006.0325,00027,03,000.0,14.56,25.63,4.56*4E75
$$APEX,213,11:08:19,5212.8448,00006.0325,00027,03,000.0,14.44,25.69,4.56*9802
$$APEX,214,11:08:19,5212.8448,00006.0325,00027,03,000.0,14.69,25.69,4.56*7C39
$$APEX,215,11:08:19,5212.8448,00006.0325,00027,03,000.0,14.88,25.81,4.56*D74B
$$APEX,216,11:08:19,5212.8448,00006.0325,00027,03,000.0,14.94,25.88,4.56*F8B2
$$APEX,217,11:08:19,5212.8448,00006.0325,00027,03,000.0,14.69,25.88,4.56*3F15
$$APEX,218,11:08:19,5212.8448,00006.0325,00027,03,000.0,14.81,25.94,4.56*F71A
$$APEX,219,11:08:19,5212.8448,00006.0325,00027,03,000.0,14.88,25.94,4.57*EC1A
$$APEX,220,11:08:19,5212.8448,00006.0325,00027,03,000.0,14.56,26.06,4.56*D43A
$$APEX,221,11:08:19,5212.8448,00006.0325,00027,03,000.0,14.38,26.06,4.56*583B
$$APEX,222,11:08:19,5212.8448,00006.0325,00027,03,000.0,14.19,26.13,4.57*0ECD
$$APEX,223,11:08:19,5212.8448,00006.0325,00027,03,000.0,13.88,26.13,4.57*28EA
$$APEX,224,11:08:19,5212.8448,00006.0325,00027,03,000.0,14.13,26.19,4.57*FD85
$$APEX,225,11:08:19,5212.8448,00006.0325,00027,03,000.0,14.00,26.31,4.57*C324
$$APEX,226,11:08:19,5212.8448,00006.0325,00027,03,000.0,14.31,26.31,4.57*3BF0
$$APEX,227,11:08:19,5212.8448,00006.0325,00027,03,000.0,14.50,26.38,4.57*ECF0
$$APEX,228,11:08:19,5212.8448,00006.0325,00027,03,000.0,14.25,26.44,4.57*DEEA
$$APEX,229,11:08:19,5212.8448,00006.0325,00027,03,000.0,14.13,26.44,4.57*098D
$$APEX,230,11:08:19,5212.8448,00006.0325,00027,03,000.0,14.44,26.50,4.57*AD86
$$APEX,231,11:08:19,5212.8448,00006.0325,00027,03,000.0,14.44,26.50,4.57*BE7A
$$APEX,232,11:08:19,5212.8448,00006.0325,00027,03,000.0,14.56,26.56,4.57*4416
$$APEX,233,11:08:19,5212.8448,00006.0325,00027,03,000.0,14.75,26.56,4.57*D8B3
$$APEX,234,11:08:19,5212.8448,00006.0325,00027,03,000.0,14.94,26.63,4.58*4E6F
$$APEX,235,11:08:19,5212.8448,00006.0325,00027,03,000.0,15.31,26.69,4.58*FA50
$$APEX,236,11:08:19,5212.8448,00006.0325,00027,03,000.0,15.13,26.69,4.58*4278
$$APEX,237,11:08:19,5212.8448,00006.0325,00027,03,000.0,15.25,26.75,4.58*269D
$$APEX,238,11:08:19,5212.8448,00006.0325,00027,03,000.0,15.31,26.75,4.58*8A3E
$$APEX,239,11:08:19,5212.8448,00006.0325,00027,03,000.0,14.88,26.81,4.58*6754
$$APEX,240,11:08:19,5212.8448,00006.0325,00027,03,000.0,14.69,26.88,4.58*1F12
$$APEX,241,11:08:19,5212.8448,00006.0325,00027,03,000.0,14.75,26.94,4.58*EC73
$$APEX,242,11:08:19,5212.8448,00006.0325,00027,03,000.0,14.88,26.94,4.58*0C2C
$$APEX,243,11:08:19,5212.8448,00006.0325,00027,03,000.0,15.00,27.00,4.58*6790
$$APEX,244,11:08:19,5212.8448,00006.0325,00027,03,000.0,15.06,27.06,4.59*8A9A
$$APEX,245,11:08:19,5212.8448,00006.0325,00027,03,000.0,15.56,27.06,4.58*C989
$$APEX,246,11:08:19,5212.8448,00006.0325,00027,03,000.0,15.56,27.00,4.58*706C
$$APEX,247,11:42:45,5212.8277,00006.0314,00025,05,004.2,15.63,26.94,4.58*3B69
$$APEX,248,11:43:01,5212.8265,00006.0272,00017,06,000.0,15.81,26.50,4.58*33A1
$$APEX,249,11:43:38,5212.8254,00006.0262,00014,05,000.0,16.25,26.31,4.59*3A32
$$APEX,250,11:43:54,5212.8260,00006.0255,00014,04,000.0,16.94,26.19,4.59*9F64
$$APEX,251,11:43:54,5212.8260,00006.0255,00014,04,000.0,16.63,26.19,4.59*4581
$$APEX,252,11:44:25,5212.8136,00006.0264,00025,04,000.0,16.00,26.00,4.59*1F21
$$APEX,253,11:44:40,5212.8237,00006.0263,00019,05,000.0,15.75,25.94,4.59*A3D9
$$APEX,254,11:45:17,5212.8294,00006.0257,00010,04,000.0,15.38,25.63,4.59*DAD7
$$APEX,255,11:45:33,5212.8285,00006.0272,00013,03,000.0,14.88,24.94,4.59*8AFE
$$APEX,256,11:45:49,5212.8286,00006.0274,00014,04,000.0,14.88,24.81,4.58*1EC7
$$APEX,257,11:45:49,5212.8286,00006.0274,00014,04,000.0,15.13,24.56,4.59*C1A3
$$APEX,258,11:46:21,5212.8277,00006.0271,00014,05,000.0,15.19,24.56,4.58*C2AC
$$APEX,259,11:46:58,5212.8257,00006.0273,00015,03,000.0,15.25,24.50,4.59*458B
$$APEX,260,11:47:14,5212.8269,00006.0278,00014,04,000.0,15.69,24.38,4.59*36C4
$$APEX,261,11:47:30,5212.8272,00006.0278,00014,05,000.0,16.13,24.38,4.58*2EF4
$$APEX,262,11:47:46,5212.8277,00006.0263,00011,05,000.0,16.06,24.38,4.59*FF2E
$$APEX,263,11:48:02,5212.8267,00006.0252,00009,05,000.0,16.13,24.38,4.58*405A
$$APEX,264,11:48:02,5212.8267,00006.0252,00009,05,000.0,16.00,24.31,4.59*2391
$$APEX,265,11:48:40,5212.8259,00006.0269,00016,05,000.0,16.56,24.44,4.58*8714
$$APEX,266,11:48:56,5212.8248,00006.0272,00014,05,000.0,16.69,24.50,4.58*0095
$$APEX,267,11:48:56,5212.8248,00006.0272,00014,05,000.0,16.69,24.56,4.58*9E88
$$APEX,268,11:49:28,5212.8237,00006.0281,00012,03,000.0,16.75,24.56,4.58*4D63
$$APEX,269,11:50:05,5212.8268,00006.0292,00023,07,000.0,16.88,24.69,4.59*C6E9
$$APEX,270,11:50:21,5212.8263,00006.0294,00020,06,000.0,16.69,24.81,4.59*F489
$$APEX,271,11:50:37,5212.8262,00006.0294,00020,06,000.0,16.75,24.94,4.59*54E2
$$APEX,272,11:50:53,5212.8261,00006.0294,00019,05,000.0,17.56,25.00,4.59*4AB6
$$APEX,273,11:51:09,5212.8259,00006.0294,00019,06,000.0,18.50,25.06,4.59*0F73
$$APEX,274,11:51:46,5212.8205,00006.0274,00013,05,000.6,18.56,25.19,4.59*7596
$$APEX,275,11:52:02,5212.8206,00006.0276,00012,06,000.0,19.94,25.38,4.59*1FE6
$$APEX,276,11:52:18,5212.8204,00006.0275,00011,04,000.0,19.50,25.44,4.59*CC31
$$APEX,277,11:52:34,5212.8202,00006.0275,00011,04,000.0,18.81,25.50,4.59*BF51
$$APEX,278,11:52:34,5212.8202,00006.0275,00011,04,000.0,18.19,25.56,4.59*8335
$$APEX,279,11:53:27,5212.8202,00006.0272,00009,05,000.0,17.88,25.69,4.59*B85E
$$APEX,280,11:53:43,5212.8203,00006.0271,00009,06,000.0,16.81,25.81,4.59*03CF
$$APEX,281,11:53:59,5212.8203,00006.0270,00008,05,000.0,16.25,25.88,4.59*BB40
$$APEX,282,11:54:15,5212.8203,00006.0270,00008,07,000.0,16.00,25.94,4.59*5FC9
$$APEX,283,11:54:31,5212.8206,00006.0268,00009,05,000.0,15.88,26.06,4.59*A8C2
$$APEX,284,11:54:31,5212.8206,00006.0268,00009,05,000.0,15.63,26.06,4.59*4930
$$APEX,285,11:55:24,5212.8201,00006.0269,00005,05,000.0,15.06,26.25,4.59*B6BD
$$APEX,286,11:55:40,5212.8200,00006.0267,00005,07,000.0,15.06,26.31,4.59*A83C
$$APEX,287,11:55:56,5212.8199,00006.0264,00006,05,000.0,15.13,26.31,4.59*DFF6
$$APEX,288,11:56:12,5212.8198,00006.0262,00006,06,000.0,15.19,26.44,4.59*0BA3
$$APEX,289,11:56:49,5212.8198,00006.0260,00006,05,000.0,15.88,26.50,4.59*1F9A
$$APEX,290,11:57:05,5212.8199,00006.0258,00007,06,000.0,16.81,26.56,4.59*533B
$$APEX,291,11:57:21,5212.8199,00006.0258,00007,05,000.0,17.81,26.69,4.59*B10B
$$APEX,292,11:57:37,5212.8199,00006.0259,00008,05,000.0,18.38,26.69,4.59*1625
$$APEX,293,11:57:53,5212.8199,00006.0260,00008,06,000.0,17.94,26.75,4.59*BFFA
$$APEX,294,11:58:30,5212.8201,00006.0263,00009,06,000.0,17.00,26.81,4.59*413F
$$APEX,295,11:58:46,5212.8202,00006.0264,00009,05,000.0,16.63,27.00,4.59*C919
$$APEX,296,11:59:02,5212.8201,00006.0265,00009,08,000.0,16.13,27.06,4.59*E6C5
$$APEX,297,11:59:18,5212.8201,00006.0264,00009,05,000.0,15.88,27.13,4.59*DDFE
$$APEX,298,11:59:34,5212.8201,00006.0263,00009,06,000.0,15.94,27.19,4.59*9C8D
$$APEX,299,12:00:11,5212.8176,00006.0223,00005,06,000.0,15.94,27.25,4.59*406C
$$APEX,300,12:00:27,5212.8182,00006.0222,00007,07,000.0,15.13,27.38,4.59*496D
$$APEX,301,12:00:43,5212.8183,00006.0222,00008,06,000.0,15.13,27.44,4.59*76BB
$$APEX,302,12:00:59,5212.8183,00006.0221,00009,05,000.0,15.38,27.50,4.59*0CCE
$$APEX,303,12:01:15,5212.8183,00006.0219,00009,06,000.0,15.63,27.56,4.59*F656
$$APEX,304,12:01:52,5212.8183,00006.0217,00008,05,000.0,15.94,27.63,4.60*146C
$$APEX,305,12:01:52,5212.8183,00006.0217,00008,05,000.0,16.38,27.69,4.60*F557
$$APEX,306,12:02:24,5212.8185,00006.0218,00009,07,000.0,16.81,27.75,4.60*D87D
$$APEX,307,12:02:40,5212.8187,00006.0218,00014,07,000.0,16.94,27.81,4.60*C3E9
$$APEX,308,12:02:56,5212.8181,00006.0222,00014,05,000.0,16.56,27.81,4.60*0C18
$$APEX,309,12:03:33,5212.8173,00006.0220,00011,07,000.0,16.13,27.94,4.60*04A6
$$APEX,310,12:03:49,5212.8174,00006.0219,00010,06,000.0,15.50,28.00,4.60*8228
$$APEX,311,12:04:05,5212.8175,00006.0219,00011,05,000.0,15.00,28.06,4.60*DE1A
$$APEX,312,12:04:21,5212.8178,00006.0218,00012,04,000.0,14.69,28.06,4.60*1ACA
$$APEX,313,12:04:37,5212.8178,00006.0219,00011,05,000.0,14.25,28.13,4.60*38F6
$$APEX,314,12:05:14,5212.8182,00006.0223,00009,05,000.0,14.00,28.19,4.60*63F8
$$APEX,315,12:05:30,5212.8184,00006.0224,00009,05,000.0,14.06,28.25,4.60*A2D1
$$APEX,316,12:05:46,5212.8186,00006.0225,00009,06,000.0,14.06,28.31,4.60*F1AE
$$APEX,317,12:06:02,5212.8181,00006.0227,00008,06,000.0,14.19,28.31,4.60*188C
$$APEX,318,12:06:18,5212.8180,00006.0229,00007,08,000.0,14.44,28.38,4.60*E1C9
$$APEX,319,12:06:55,5212.8190,00006.0225,00010,07,000.0,14.63,28.38,4.61*14AB
$$APEX,320,12:07:11,5212.8167,00006.0238,00009,05,003.1,14.69,28.50,4.60*69D4
$$APEX,321,12:07:27,5212.8073,00006.0265,00010,06,004.0,15.19,28.56,4.60*358E
$$APEX,322,12:07:43,5212.7996,00006.0246,00007,04,000.0,16.31,28.63,4.61*8FC4
$$APEX,323,12:07:59,5212.7991,00006.0233,00005,04,000.0,16.63,28.63,4.61*E765
$$APEX,324,12:08:36,5212.7984,00006.0238,00004,06,000.0,16.31,28.69,4.61*DB88
$$APEX,325,12:08:52,5212.7985,00006.0238,00004,06,000.0,15.38,28.75,4.61*4882
$$APEX,326,12:09:08,5212.7987,00006.0239,00004,07,000.0,14.69,28.75,4.61*0191
$$APEX,327,12:09:24,5212.7986,00006.0240,00004,05,000.0,14.56,28.81,4.61*94A1
$$APEX,328,12:09:40,5212.7987,00006.0238,00004,06,000.0,14.81,28.81,4.61*681F
$$APEX,329,12:10:17,5212.7988,00006.0236,00004,06,000.0,14.75,28.94,4.61*45E5
$$APEX,330,12:10:33,5212.7983,00006.0235,00004,06,000.0,14.75,29.00,4.61*9B02
$$APEX,331,12:10:49,5212.7985,00006.0236,00004,06,000.0,14.75,29.00,4.61*FE2A
$$APEX,332,12:11:05,5212.7976,00006.0205,00003,06,003.8,15.38,29.06,4.61*F206
$$APEX,333,12:11:21,5212.7980,00006.0163,00004,06,000.0,15.50,29.13,4.61*D010
$$APEX,334,12:11:58,5212.7970,00006.0170,00002,07,000.0,16.06,29.19,4.62*EE42
$$APEX,335,12:12:14,5212.7974,00006.0173,00003,06,000.0,16.50,29.25,4.61*2845
$$APEX,336,12:12:30,5212.7873,00006.0337,00016,06,023.9,16.56,29.31,4.61*D4F5
$$APEX,337,12:12:46,5212.7552,00006.0798,00054,06,013.6,16.81,29.31,4.61*A8E9
$$APEX,338,12:13:02,5212.7432,00006.1179,00102,05,003.5,16.06,29.31,4.61*EF96
$$APEX,339,12:13:39,5212.7194,00006.1398,00227,05,004.5,15.50,29.31,4.62*D47B
$$APEX,340,12:13:55,5212.7240,00006.1451,00293,05,019.2,14.31,29.25,4.62*40E4
$$APEX,341,12:14:11,5212.7101,00006.1704,00367,04,013.2,13.69,29.25,4.62*E49F
$$APEX,342,12:14:27,5212.6898,00006.2124,00451,06,004.8,12.19,29.25,4.61*6ECD
$$APEX,343,12:14:43,5212.6618,00006.2321,00537,06,014.1,11.31,29.19,4.62*A338
$$APEX,344,12:15:20,5212.5380,00006.3232,00752,05,019.1,11.06,29.13,4.62*32C8
$$APEX,345,12:15:36,5212.4912,00006.3448,00813,06,027.7,12.63,29.06,4.62*D3E4
$$APEX,346,12:15:52,5212.4466,00006.3804,00883,05,014.1,13.19,29.00,4.62*367B
$$APEX,347,12:16:08,5212.4201,00006.4058,00949,05,012.4,13.50,28.81,4.62*1A63
$$APEX,348,12:16:24,5212.3728,00006.4259,01018,07,025.6,14.38,28.81,4.62*B66C
$$APEX,349,12:17:01,5212.2864,00006.4416,01169,05,019.6,14.00,28.75,4.62*F9C2
$$APEX,350,12:17:17,5212.2470,00006.4398,01227,06,006.1,13.50,28.69,4.62*8B5A
$$APEX,351,12:17:33,5212.2109,00006.4423,01287,07,010.5,13.25,28.63,4.62*F4BB
$$APEX,352,12:17:49,5212.1805,00006.4253,01350,08,017.6,12.88,28.50,4.62*6E81
$$APEX,353,12:18:05,5212.1640,00006.4125,01409,05,016.5,13.00,28.44,4.62*6B02
$$APEX,354,12:18:42,5212.1039,00006.3599,01552,05,022.0,12.63,28.38,4.62*D594
$$APEX,355,12:18:58,5212.0602,00006.3764,01613,06,018.7,12.00,28.25,4.62*08C0
$$APEX,356,12:19:13,5212.0327,00006.3796,01665,05,024.7,11.63,28.19,4.62*D36A
$$APEX,357,12:19:29,5211.9861,00006.4054,01727,06,010.6,10.94,28.19,4.62*1010
$$APEX,358,12:19:45,5211.9317,00006.4126,01823,06,013.3,10.88,28.06,4.62*02C8
$$APEX,359,12:20:22,5211.7907,00006.3923,01964,09,021.8,10.31,27.94,4.62*DAE7
$$APEX,360,12:20:38,5211.7210,00006.3544,02037,08,034.0,9.81,27.81,4.62*43F4
$$APEX,361,12:20:54,5211.6535,00006.3028,02091,06,020.2,9.38,27.69,4.62*64AC
$$APEX,362,12:21:10,5211.6018,00006.2858,02162,06,016.1,9.00,27.63,4.62*E7C1
$$APEX,363,12:21:26,5211.5453,00006.2394,02252,05,026.9,8.75,27.56,4.62*03E0
$$APEX,364,12:22:03,5211.4183,00006.1230,02387,05,028.6,9.13,27.50,4.63*E0FD
$$APEX,365,12:22:19,5211.3694,00006.0736,02488,06,027.4,9.63,27.31,4.62*DC85
$$APEX,366,12:22:35,5211.3383,00006.0508,02527,06,012.0,9.81,27.25,4.62*7941
$$APEX,367,12:22:51,5211.2832,00006.0088,02634,07,035.5,9.81,27.25,4.62*C536
$$APEX,368,12:23:07,5211.2217,00006.0269,02691,06,024.7,9.25,27.13,4.62*6B86
$$APEX,369,12:23:44,5211.0854,00006.0504,02852,06,033.6,9.19,27.06,4.62*BFDE
$$APEX,370,12:24:00,5211.0093,00006.0487,02918,09,034.3,8.50,27.00,4.62*4165
$$APEX,371,12:24:15,5210.9315,00006.0654,02978,05,039.1,8.13,26.81,4.62*F131
$$APEX,372,12:24:31,5210.8418,00006.1025,03057,05,032.9,7.56,26.81,4.62*3075
$$APEX,373,12:24:47,5210.7595,00006.1567,03114,05,039.5,7.19,26.81,4.62*70EF
$$APEX,374,12:25:24,5210.6074,00006.3051,03271,05,017.6,6.63,26.75,4.62*E57B
$$APEX,375,12:25:40,5210.5588,00006.3620,03336,07,031.5,6.44,26.63,4.62*D4E0
$$APEX,376,12:25:56,5210.4951,00006.4408,03410,07,017.7,5.81,26.63,4.62*2958
$$APEX,377,12:26:12,5210.4330,00006.5164,03476,08,024.6,5.75,26.56,4.62*9B95
$$APEX,378,12:26:28,5210.3843,00006.5531,03524,08,029.0,5.56,26.44,4.62*2FFF
$$APEX,379,12:27:05,5210.2447,00006.6254,03709,07,028.5,4.88,26.31,4.62*20F8
$$APEX,380,12:27:21,5210.1912,00006.6691,03774,05,008.9,3.81,26.25,4.62*F88D
$$APEX,381,12:27:37,5210.1378,00006.7017,03822,05,029.7,3.38,26.19,4.62*BC03
$$APEX,382,12:27:53,5210.0818,00006.7276,03907,05,034.6,3.00,26.13,4.62*FCD7
$$APEX,383,12:28:09,5210.0318,00006.7638,03953,09,017.7,2.88,26.00,4.62*CABD
$$APEX,384,12:28:46,5209.9337,00006.8474,04131,06,026.8,2.63,25.94,4.62*C8E2
$$APEX,385,12:29:02,5209.8851,00006.8867,04178,08,033.1,1.06,25.69,4.62*CFBE
$$APEX,386,12:29:18,5209.8379,00006.9436,04258,05,010.4,0.56,25.63,4.62*60E7
$$APEX,387,12:29:34,5209.7989,00007.0047,04324,05,026.7,0.25,25.56,4.62*FEA5
$$APEX,388,12:29:50,5209.7490,00007.0558,04389,04,034.9,-0.63,25.44,4.62*5CAB
$$APEX,389,12:30:27,5209.6152,00007.1585,04525,05,011.2,-1.25,25.31,4.62*3BC4
$$APEX,390,12:30:43,5209.5746,00007.1835,04588,08,015.0,-1.94,25.19,4.61*2755
$$APEX,391,12:30:59,5209.5312,00007.2120,04671,04,019.3,-1.81,25.13,4.61*1700
$$APEX,392,12:31:15,5209.4826,00007.2358,04758,07,023.3,-2.56,25.00,4.61*BEB3
$$APEX,393,12:31:31,5209.4457,00007.2620,04793,06,019.2,-2.69,24.94,4.61*1FDE
$$APEX,394,12:32:08,5209.3520,00007.3207,04945,06,027.5,-3.38,24.88,4.61*72FB
$$APEX,395,12:32:24,5209.3101,00007.3511,05005,08,023.3,-5.13,24.63,4.61*E3D3
$$APEX,396,12:32:40,5209.2806,00007.4042,05076,07,034.8,-5.31,24.50,4.61*491F
$$APEX,397,12:32:56,5209.2481,00007.4489,05198,05,036.6,-5.63,24.44,4.61*868D
$$APEX,398,12:33:12,5209.2075,00007.5144,05245,05,020.5,-5.81,24.25,4.61*98B5
$$APEX,399,12:33:49,5209.1447,00007.6567,05419,08,014.0,-6.31,24.19,4.61*172F
$$APEX,400,12:34:05,5209.1184,00007.6967,05463,05,018.3,-7.50,23.81,4.61*01E3
$$APEX,401,12:34:21,5209.0791,00007.7390,05524,10,006.4,-8.25,23.69,4.61*877F
$$APEX,402,12:34:37,5209.0402,00007.7659,05596,08,035.8,-8.50,23.63,4.61*8F6F
$$APEX,403,12:34:53,5208.9979,00007.7804,05673,05,036.4,-9.50,23.56,4.61*3F59
$$APEX,404,12:35:30,5208.8163,00007.7697,05869,06,040.1,-9.69,23.31,4.61*DCBC
$$APEX,405,12:35:46,5208.7263,00007.7703,05928,05,043.2,-10.63,23.06,4.60*D043
$$APEX,406,12:36:02,5208.6255,00007.7529,06006,04,052.5,-10.88,23.00,4.60*4B01
$$APEX,407,12:36:18,5208.5234,00007.7311,06076,09,040.1,-11.75,22.88,4.60*4C60
$$APEX,408,12:36:34,5208.4211,00007.7155,06147,07,022.1,-12.13,22.75,4.60*925B
$$APEX,409,12:37:11,5208.1755,00007.7178,06305,07,032.2,-12.69,22.63,4.60*47BC
$$APEX,410,12:37:27,5208.0839,00007.7235,06381,07,045.6,-13.00,22.25,4.60*7256
$$APEX,411,12:37:43,5207.9792,00007.7428,06446,06,044.1,-13.25,22.13,4.60*7AA9
$$APEX,412,12:37:59,5207.8786,00007.7594,06504,06,046.7,-13.69,22.00,4.60*E953
$$APEX,413,12:38:15,5207.7811,00007.7800,06572,06,033.4,-14.56,21.81,4.60*82AB
$$APEX,414,12:38:52,5207.5717,00007.7951,06738,07,046.1,-15.06,21.75,4.60*D6D2
$$APEX,415,12:39:08,5207.4790,00007.8107,06800,04,042.9,-16.94,21.50,4.59*8AA8
$$APEX,416,12:39:24,5207.3881,00007.8071,06880,07,035.5,-17.44,21.38,4.59*9473
$$APEX,417,12:39:40,5207.3026,00007.8111,06944,04,023.2,-17.56,21.25,4.59*1BFE
$$APEX,418,12:39:56,5207.2201,00007.8123,07013,07,053.5,-17.94,21.06,4.59*F0AE
$$APEX,419,12:40:33,5207.0305,00007.8463,07157,09,035.4,-18.63,20.94,4.59*0F58
$$APEX,420,12:40:49,5206.9674,00007.8675,07228,07,021.2,-20.19,20.63,4.59*9C84
$$APEX,421,12:41:05,5206.9093,00007.8842,07299,07,042.8,-20.38,20.44,4.59*0787
$$APEX,422,12:41:21,5206.8461,00007.9092,07363,08,029.5,-20.56,20.25,4.59*124B
$$APEX,423,12:41:37,5206.7940,00007.9368,07418,05,035.1,-20.75,20.00,4.59*B5A6
$$APEX,424,12:42:14,5206.6692,00008.0118,07585,04,015.3,-21.38,19.94,4.59*3073
$$APEX,425,12:42:30,5206.6163,00008.0489,07651,06,027.0,-22.06,19.50,4.59*8E61
$$APEX,426,12:42:46,5206.5540,00008.0873,07728,05,043.7,-22.94,19.38,4.59*484E
$$APEX,427,12:43:02,5206.4955,00008.1301,07804,09,029.5,-23.56,19.13,4.59*2E55
$$APEX,428,12:43:18,5206.4407,00008.1794,07870,10,008.7,-23.75,18.88,4.59*4EEF
$$APEX,429,12:43:55,5206.3196,00008.2838,08032,05,040.2,-24.50,18.75,4.59*D468
$$APEX,430,12:44:11,5206.2523,00008.3438,08097,11,013.6,-25.56,18.31,4.58*9F47
$$APEX,431,12:44:27,5206.1865,00008.3903,08164,11,027.2,-26.19,18.19,4.58*E642
$$APEX,432,12:44:43,5206.1227,00008.4401,08230,06,036.1,-26.50,18.00,4.58*F149
$$APEX,433,12:44:59,5206.0463,00008.4849,08304,07,045.2,-26.94,17.75,4.58*593D
$$APEX,434,12:45:36,5205.8638,00008.5978,08454,07,025.9,-27.81,17.63,4.58*2532
$$APEX,435,12:45:52,5205.7864,00008.6505,08531,05,052.5,-28.06,17.25,4.57*CDB9
$$APEX,436,12:46:08,5205.7072,00008.7108,08614,06,047.0,-28.19,17.06,4.57*53D9
$$APEX,437,12:46:24,5205.6297,00008.7765,08684,06,050.8,-29.06,16.94,4.57*3B4A
$$APEX,438,12:46:40,5205.5530,00008.8498,08749,04,036.3,-29.56,16.69,4.57*614E
$$APEX,439,12:47:17,5205.3789,00009.0219,08909,07,041.6,-30.63,16.50,4.57*90D0
$$APEX,440,12:47:33,5205.2988,00009.1011,08966,07,047.6,-31.31,16.06,4.56*137B
$$APEX,441,12:47:49,5205.2171,00009.1811,09046,08,033.0,-31.94,15.88,4.56*8E54
$$APEX,442,12:48:05,5205.1491,00009.2532,09113,09,034.3,-32.38,15.69,4.56*79AE
$$APEX,443,12:48:21,5205.0783,00009.3248,09193,07,050.8,-32.44,15.50,4.56*48F3
$$APEX,444,12:48:58,5204.8869,00009.5011,09348,08,045.4,-33.31,15.31,4.56*0394
$$APEX,445,12:49:14,5204.8007,00009.5643,09414,08,028.3,-33.81,14.81,4.55*E5FC
$$APEX,446,12:49:30,5204.7204,00009.6246,09496,07,050.8,-34.06,14.63,4.55*14CE
$$APEX,447,12:49:46,5204.6290,00009.6912,09558,05,045.3,-34.94,14.44,4.55*DA48
$$APEX,448,12:50:02,5204.5360,00009.7435,09615,08,029.5,-36.44,14.25,4.55*592F
$$APEX,449,12:50:39,5204.3402,00009.8574,09775,05,035.4,-36.81,14.06,4.55*8074
$$APEX,450,12:50:55,5204.2642,00009.9184,09845,08,037.8,-37.56,13.63,4.55*F7E8
$$APEX,451,12:51:11,5204.1782,00009.9734,09905,06,038.0,-38.25,13.44,4.55*088C
$$APEX,452,12:51:27,5204.0896,00010.0309,09976,08,040.2,-39.19,13.31,4.55*E0F9
$$APEX,453,12:51:43,5203.9956,00010.0917,10038,06,030.2,-39.50,13.06,4.55*4481
$$APEX,454,12:52:20,5203.7839,00010.2295,10193,07,035.7,-39.88,12.94,4.55*42CC
$$APEX,455,12:52:36,5203.6925,00010.2837,10261,05,027.6,-40.38,12.56,4.54*F2D2
$$APEX,456,12:52:52,5203.5954,00010.3281,10322,09,031.1,-41.13,12.38,4.54*3977
$$APEX,457,12:53:08,5203.4944,00010.3727,10387,06,032.7,-41.69,12.19,4.54*2928
$$APEX,458,12:53:24,5203.3950,00010.4248,10453,06,044.8,-41.69,12.00,4.54*7AC5
$$APEX,459,12:54:01,5203.1364,00010.5990,10607,06,039.6,-42.56,11.88,4.54*0BBD
$$APEX,460,12:54:17,5203.0295,00010.6830,10667,06,047.4,-42.75,11.50,4.53*891E
$$APEX,461,12:54:33,5202.9241,00010.7657,10737,06,041.8,-43.06,11.31,4.53*B7EB
$$APEX,462,12:54:49,5202.8109,00010.8562,10807,07,058.5,-43.56,11.13,4.53*4547
$$APEX,463,12:55:05,5202.6941,00010.9420,10874,08,049.2,-44.25,11.00,4.52*F2E0
$$APEX,464,12:55:42,5202.4361,00011.1436,11026,05,043.0,-44.25,10.81,4.52*E9FD
$$APEX,465,12:55:58,5202.3375,00011.2266,11098,05,045.7,-45.19,10.50,4.52*4E01
$$APEX,466,12:56:14,5202.2535,00011.3190,11170,06,050.6,-45.75,10.38,4.52*2309
$$APEX,467,12:56:30,5202.1618,00011.4012,11249,06,036.4,-45.63,10.19,4.52*3F2E
$$APEX,468,12:56:46,5202.0782,00011.4871,11302,08,032.7,-45.44,10.00,4.51*A4EC
$$APEX,469,12:57:23,5201.8996,00011.6945,11477,06,045.9,-46.69,9.88,4.51*18BB
$$APEX,470,12:57:39,5201.8267,00011.7912,11530,06,045.8,-49.19,9.50,4.51*6853
$$APEX,471,12:57:55,5201.7513,00011.8828,11619,05,060.2,-48.94,9.31,4.51*5BB5
$$APEX,472,12:58:11,5201.6750,00011.9829,11668,06,038.2,-49.56,9.19,4.51*66CC
$$APEX,473,12:58:27,5201.6017,00012.0870,11743,06,042.9,-50.13,9.00,4.51*C68E
$$APEX,474,12:59:04,5201.4199,00012.3146,11902,07,042.3,-50.44,8.88,4.51*0A04
$$APEX,475,12:59:20,5201.3369,00012.4225,11981,08,053.1,-50.69,8.44,4.50*14B8
$$APEX,476,12:59:36,5201.2454,00012.5262,12046,08,054.1,-51.81,8.31,4.50*C3FB
$$APEX,477,12:59:52,5201.1527,00012.6350,12121,06,046.9,-52.44,8.13,4.50*3B35
$$APEX,478,13:00:08,5201.0528,00012.7336,12191,07,056.3,-52.94,8.00,4.50*1587
$$APEX,479,13:00:45,5200.8172,00012.9537,12355,07,041.7,-53.75,7.81,4.50*D96F
$$APEX,480,13:01:01,5200.7089,00013.0352,12419,09,045.5,-55.31,7.44,4.49*2B9B
$$APEX,481,13:01:17,5200.5964,00013.1070,12490,06,036.9,-55.56,7.31,4.49*344B
$$APEX,482,13:01:33,5200.4898,00013.1732,12555,06,054.7,-55.38,7.13,4.49*3E76
$$APEX,483,13:01:49,5200.3860,00013.2322,12644,07,048.1,-56.63,7.00,4.49*3390
$$APEX,484,13:02:26,5200.1652,00013.3015,12792,07,061.1,-57.25,6.81,4.48*EC06
$$APEX,485,13:02:42,5200.0422,00013.2945,12858,08,056.1,-58.06,6.44,4.48*6643
$$APEX,486,13:02:58,5159.9488,00013.2798,12944,07,048.3,-58.00,6.31,4.48*5DF0
$$APEX,487,13:03:14,5159.8743,00013.2489,13008,07,032.0,-57.06,6.13,4.48*61D7
$$APEX,488,13:03:30,5159.8191,00013.2169,13059,05,021.0,-57.06,5.94,4.47*55D9
$$APEX,489,13:04:07,5159.7227,00013.1033,13221,08,017.0,-56.31,5.81,4.47*C57A
$$APEX,490,13:04:23,5159.6824,00013.0680,13274,05,024.4,-55.50,5.44,4.47*1D6A
$$APEX,491,13:04:39,5159.6219,00013.0334,13381,06,047.3,-54.63,5.25,4.47*96C2
$$APEX,492,13:04:55,5159.5473,00012.9895,13474,06,035.6,-54.13,5.13,4.46*277C
$$APEX,493,13:05:11,5159.4976,00012.9721,13519,07,021.2,-54.00,4.94,4.46*36FD
$$APEX,494,13:05:48,5159.3511,00012.9915,13702,06,040.4,-52.38,4.81,4.46*29C6
$$APEX,495,13:06:04,5159.2581,00013.0091,13788,07,058.2,-50.31,4.50,4.46*B274
$$APEX,496,13:06:20,5159.1362,00013.0195,13842,05,057.4,-50.13,4.31,4.46*8347
$$APEX,497,13:06:36,5159.0014,00013.0187,13915,09,055.6,-50.38,4.19,4.46*8116
$$APEX,498,13:06:52,5158.8771,00012.9889,13991,07,067.5,-50.13,4.06,4.46*B692
$$APEX,499,13:07:29,5158.6493,00012.8321,14154,07,049.9,-50.31,3.94,4.46*27F3
$$APEX,500,13:07:45,5158.5646,00012.7775,14210,07,031.7,-48.81,3.69,4.45*76FD
$$APEX,501,13:08:01,5158.4949,00012.7173,14284,06,016.3,-48.56,3.56,4.45*5607
$$APEX,502,13:08:17,5158.4227,00012.6700,14354,07,019.0,-48.25,3.44,4.45*BD42
$$APEX,503,13:08:33,5158.3544,00012.6359,14425,08,032.5,-48.13,3.31,4.45*AE3B
$$APEX,504,13:09:10,5158.1582,00012.5884,14598,05,052.9,-47.94,3.25,4.45*D7F2
$$APEX,505,13:09:26,5158.0472,00012.5844,14653,05,060.7,-47.06,3.00,4.44*C74F
$$APEX,506,13:09:42,5157.9364,00012.5745,14728,06,047.9,-47.19,2.88,4.44*65DE
$$APEX,507,13:09:58,5157.8333,00012.5568,14831,06,051.7,-46.44,2.81,4.44*24D4
$$APEX,508,13:10:14,5157.7303,00012.5403,14888,08,057.2,-46.31,2.69,4.44*7A55
$$APEX,509,13:10:51,5157.4517,00012.4666,15048,08,053.2,-46.50,2.63,4.44*B1DC
$$APEX,510,13:11:07,5157.3479,00012.4057,15120,05,047.2,-45.75,2.44,4.43*7BFC
$$APEX,511,13:11:23,5157.2615,00012.3270,15203,08,026.8,-45.13,2.31,4.43*E2D6
$$APEX,512,13:11:39,5157.1648,00012.2370,15269,08,048.4,-45.13,2.25,4.43*AABD
$$APEX,513,13:11:55,5157.0828,00012.1683,15365,08,052.8,-44.81,2.19,4.43*1A5C
$$APEX,514,13:12:32,5156.9203,00012.0843,15510,05,026.3,-44.69,2.13,4.43*DBC7
$$APEX,515,13:12:48,5156.8615,00012.1074,15593,06,024.5,-44.50,1.94,4.42*8703
$$APEX,516,13:13:04,5156.8111,00012.1360,15672,05,037.7,-44.00,1.88,4.42*69D3
$$APEX,517,13:13:20,5156.7553,00012.1936,15768,07,031.2,-43.81,1.81,4.42*2978
$$APEX,518,13:13:36,5156.7084,00012.2663,15832,06,037.8,-43.88,1.75,4.42*462A
$$APEX,519,13:14:13,5156.5618,00012.4041,16004,06,033.1,-44.13,1.69,4.42*CF49
$$APEX,520,13:14:29,5156.4882,00012.4256,16079,07,021.1,-42.81,1.56,4.42*B872
$$APEX,521,13:14:45,5156.4062,00012.4169,16150,08,021.2,-42.25,1.50,4.42*C055
$$APEX,522,13:15:01,5156.3250,00012.3914,16212,05,033.6,-43.13,1.44,4.42*4F5F
$$APEX,523,13:15:17,5156.2394,00012.3331,16304,06,047.5,-43.38,1.38,4.42*5D1C
$$APEX,524,13:15:54,5156.0291,00012.2497,16454,07,047.4,-43.63,1.31,4.42*EB63
$$APEX,525,13:16:10,5155.9409,00012.2074,16524,07,043.9,-43.69,1.19,4.42*C48A
$$APEX,526,13:16:26,5155.8472,00012.1561,16586,08,033.6,-42.94,1.13,4.41*E17B
$$APEX,527,13:16:42,5155.7396,00012.1350,16669,09,023.1,-42.44,1.06,4.41*E722
$$APEX,528,13:16:58,5155.6175,00012.1396,16759,07,071.5,-42.31,1.00,4.41*BF93
$$APEX,529,13:17:35,5155.3555,00012.1119,16936,05,051.7,-42.81,0.94,4.41*B066
$$APEX,530,13:17:51,5155.2589,00012.0539,17016,08,037.3,-43.06,0.81,4.41*6F8B
$$APEX,531,13:18:07,5155.1802,00011.9973,17097,06,039.4,-42.00,0.75,4.40*EB31
$$APEX,532,13:18:23,5155.0997,00011.9131,17165,06,037.2,-41.13,0.69,4.40*FA80
$$APEX,533,13:18:39,5155.0127,00011.8484,17245,05,038.1,-40.69,0.63,4.40*6381
$$APEX,534,13:19:16,5154.8024,00011.7098,17440,07,038.1,-40.38,0.63,4.40*0E01
$$APEX,535,13:19:32,5154.7070,00011.6682,17485,08,044.0,-41.56,0.50,4.40*4DB4
$$APEX,536,13:19:48,5154.6163,00011.6281,17578,07,052.6,-41.19,0.44,4.40*D73E
$$APEX,537,13:20:04,5154.5229,00011.5752,17648,06,056.5,-41.31,0.38,4.39*3CB0
$$APEX,538,13:20:20,5154.4251,00011.5195,17728,07,058.7,-41.75,0.31,4.40*CFEB
$$APEX,539,13:20:57,5154.2301,00011.3783,17898,09,045.3,-42.38,0.31,4.40*F12F
$$APEX,540,13:21:13,5154.1638,00011.3237,17973,05,045.6,-45.00,0.19,4.39*E1CC
$$APEX,541,13:21:29,5154.0967,00011.2626,18043,05,027.9,-45.25,0.13,4.39*DC5D
$$APEX,542,13:21:45,5154.0405,00011.2140,18112,06,021.5,-44.50,0.06,4.39*593C
$$APEX,543,13:22:01,5153.9893,00011.1845,18190,09,012.1,-44.88,0.00,4.39*B851
$$APEX,544,13:22:38,5153.8622,00011.1431,18372,07,026.8,-44.38,-0.06,4.39*1188
$$APEX,545,13:22:54,5153.8006,00011.1115,18435,08,024.6,-44.50,-0.19,4.38*8909
$$APEX,546,13:23:10,5153.7584,00011.0833,18513,05,009.2,-44.50,-0.25,4.38*7844
$$APEX,547,13:23:26,5153.7330,00011.0908,18613,06,011.5,-44.25,-0.25,4.38*B45E
$$APEX,548,13:23:42,5153.7070,00011.0902,18665,08,025.5,-44.38,-0.31,4.38*C77F
$$APEX,549,13:24:19,5153.5722,00011.1142,18879,06,027.5,-44.56,-0.38,4.38*3C44
$$APEX,550,13:24:35,5153.5059,00011.1468,18953,05,029.1,-44.13,-0.50,4.38*DCC1
$$APEX,551,13:24:51,5153.4501,00011.1589,19033,08,041.6,-44.00,-0.56,4.38*F157
$$APEX,552,13:25:07,5153.3896,00011.1485,19131,06,028.9,-43.63,-0.56,4.38*78D3
$$APEX,553,13:25:23,5153.3406,00011.1096,19223,07,030.2,-43.63,-0.63,4.38*4C45
$$APEX,554,13:26:00,5153.2574,00010.9318,19412,08,032.7,-43.69,-0.69,4.38*F8C8
$$APEX,555,13:26:16,5153.2582,00010.8393,19492,07,014.8,-43.38,-0.81,4.38*1766
$$APEX,556,13:26:32,5153.2632,00010.7845,19553,06,016.5,-43.69,-0.88,4.38*9442
$$APEX,557,13:26:48,5153.2526,00010.7564,19612,06,027.7,-43.88,-0.88,4.38*623E
$$APEX,558,13:27:04,5153.2329,00010.7755,19696,07,024.0,-43.31,-1.00,4.38*1DD8
$$APEX,559,13:27:41,5153.1594,00010.7848,19917,06,022.3,-44.00,-1.00,4.38*38E8
$$APEX,560,13:27:57,5153.1637,00010.7607,19977,08,014.1,-44.94,-1.13,4.38*0BD3
$$APEX,561,13:28:13,5153.1837,00010.7618,20087,05,007.5,-44.25,-1.19,4.37*7C97
$$APEX,562,13:28:29,5153.2227,00010.7912,20163,09,012.2,-44.06,-1.19,4.37*BE45
$$APEX,563,13:28:45,5153.2651,00010.8156,20246,09,033.4,-43.44,-1.25,4.37*4BEF
$$APEX,564,13:29:22,5153.2970,00010.9982,20451,08,008.3,-43.56,-1.31,4.37*E387
$$APEX,565,13:29:38,5153.2867,00011.0674,20532,06,009.3,-43.06,-1.38,4.37*8D39
$$APEX,566,13:29:54,5153.2540,00011.1268,20613,07,026.7,-43.19,-1.44,4.37*1335
$$APEX,567,13:30:10,5153.2224,00011.2057,20713,09,031.8,-43.19,-1.44,4.36*80ED
$$APEX,568,13:30:26,5153.1717,00011.2756,20789,05,027.2,-42.81,-1.50,4.36*AE9E
$$APEX,569,13:31:03,5153.0146,00011.3254,20981,10,013.0,-42.63,-1.56,4.37*DBCB
$$APEX,570,13:31:19,5152.9537,00011.2949,21070,07,034.5,-41.69,-1.63,4.36*DF6B
$$APEX,571,13:31:35,5152.8980,00011.2571,21154,07,024.3,-40.94,-1.69,4.36*D7DB
$$APEX,572,13:31:51,5152.8513,00011.2021,21233,06,022.4,-40.38,-1.69,4.36*CBE5
$$APEX,573,13:32:07,5152.8065,00011.1540,21312,06,033.2,-40.00,-1.75,4.36*F5E1
$$APEX,574,13:32:44,5152.7422,00011.1344,21482,08,010.4,-39.88,-1.75,4.36*128B
$$APEX,575,13:33:00,5152.7022,00011.1837,21610,06,017.3,-39.44,-1.81,4.36*1483
$$APEX,576,13:33:16,5152.6507,00011.2467,21695,05,036.0,-40.13,-1.88,4.35*1660
$$APEX,577,13:33:32,5152.5962,00011.2697,21776,11,024.9,-39.81,-1.94,4.35*49BC
$$APEX,578,13:33:48,5152.5470,00011.2706,21879,07,029.8,-41.06,-1.94,4.35*3A85
$$APEX,579,13:34:25,5152.4386,00011.2505,22070,07,045.7,-42.25,-1.94,4.36*3CD0
$$APEX,580,13:34:41,5152.3710,00011.2472,22152,06,052.5,-42.00,-2.00,4.35*4A15
$$APEX,581,13:34:57,5152.3085,00011.2068,22246,08,050.2,-41.56,-2.06,4.35*5776
$$APEX,582,13:35:13,5152.2433,00011.1583,22343,05,035.8,-42.19,-2.06,4.35*D25E
$$APEX,583,13:35:29,5152.1862,00011.0999,22420,08,018.8,-42.56,-2.13,4.35*D584
$$APEX,584,13:36:06,5152.1200,00011.0209,22623,05,039.1,-42.31,-2.13,4.35*4178
$$APEX,585,13:36:22,5152.1092,00010.9674,22692,09,033.1,-40.06,-2.19,4.35*481C
$$APEX,586,13:36:38,5152.1177,00010.9043,22782,07,026.7,-39.44,-2.19,4.35*BEEE
$$APEX,587,13:36:54,5152.1217,00010.8725,22905,06,033.7,-39.19,-2.25,4.34*B7A9
$$APEX,588,13:37:10,5152.1003,00010.8640,22969,06,037.4,-39.69,-2.25,4.34*9516
$$APEX,589,13:37:47,5152.0319,00010.8686,23194,08,021.0,-40.13,-2.31,4.35*C6E4
$$APEX,590,13:38:03,5152.0175,00010.8343,23250,06,006.1,-39.06,-2.31,4.34*C9AA
$$APEX,591,13:38:19,5152.0090,00010.7973,23357,07,009.9,-38.94,-2.38,4.34*5C50
$$APEX,592,13:38:35,5152.0158,00010.7594,23433,07,010.7,-39.31,-2.38,4.34*45FE
$$APEX,593,13:38:51,5152.0277,00010.7452,23528,07,020.5,-38.06,-2.38,4.34*5609
$$APEX,594,13:39:28,5152.0281,00010.7421,23792,07,038.5,-37.75,-2.38,4.34*AC46
$$APEX,595,13:39:44,5151.9986,00010.7287,23869,10,045.4,-36.63,-2.44,4.34*B276
$$APEX,596,13:40:00,5151.9507,00010.6861,23988,05,046.3,-36.44,-2.44,4.34*816E
$$APEX,597,13:40:16,5151.9070,00010.6336,24068,04,045.7,-36.38,-2.44,4.34*D3A7
$$APEX,598,13:40:32,5151.8667,00010.5624,24170,06,049.8,-35.81,-2.44,4.34*1BF6
$$APEX,599,13:41:09,5151.7610,00010.3847,24363,05,016.6,-36.00,-2.44,4.34*A325
$$APEX,600,13:41:25,5151.7272,00010.2937,24458,09,022.2,-36.19,-2.50,4.34*0A88
$$APEX,601,13:41:41,5151.7243,00010.2156,24556,06,006.6,-36.31,-2.50,4.34*2B74
$$APEX,602,13:41:57,5151.7231,00010.1366,24650,07,011.6,-36.06,-2.50,4.34*C54B
$$APEX,603,13:42:13,5151.7148,00010.0398,24751,08,013.3,-37.38,-2.50,4.34*BD20
$$APEX,604,13:42:50,5151.6773,00009.8434,24979,06,043.9,-37.25,-2.56,4.34*1BA3
$$APEX,605,13:43:06,5151.6771,00009.7513,25077,06,038.0,-38.06,-2.56,4.34*50C2
$$APEX,606,13:43:22,5151.6710,00009.6827,25175,06,041.4,-38.00,-2.63,4.34*6B8B
$$APEX,607,13:43:38,5151.6681,00009.6062,25250,07,032.9,-38.56,-2.63,4.34*10E7
$$APEX,608,13:43:54,5151.6702,00009.5678,25325,06,026.3,-38.44,-2.63,4.34*5EB4
$$APEX,609,13:44:31,5151.6679,00009.5787,25574,08,027.8,-38.38,-2.63,4.34*4199
$$APEX,610,13:44:47,5151.6516,00009.5730,25687,06,009.5,-38.19,-2.69,4.34*4111
$$APEX,611,13:45:03,5151.6331,00009.5365,25783,08,036.8,-37.63,-2.69,4.34*2DB1
$$APEX,612,13:45:19,5151.6294,00009.4348,25890,06,054.6,-37.88,-2.69,4.33*26CB
$$APEX,613,13:45:35,5151.6466,00009.2996,25997,05,056.2,-37.81,-2.69,4.33*66AB
$$APEX,614,13:46:12,5151.6812,00009.0132,26207,06,027.0,-37.56,-2.69,4.34*F8A8
$$APEX,615,13:46:28,5151.7132,00008.9147,26295,06,033.3,-37.00,-2.75,4.33*A9BE
$$APEX,616,13:46:44,5151.7489,00008.8557,26388,07,020.9,-37.13,-2.75,4.33*0C1F
$$APEX,617,13:47:00,5151.7861,00008.8367,26466,04,013.1,-37.13,-2.75,4.33*2704
$$APEX,618,13:47:16,5151.8130,00008.8114,26563,07,017.5,-36.94,-2.75,4.33*8FBD
$$APEX,619,13:47:53,5151.8298,00008.7731,26763,07,032.2,-36.31,-2.75,4.33*22A6
$$APEX,620,13:48:09,5151.8378,00008.7549,26847,07,029.8,-36.31,-2.75,4.33*C649
$$APEX,621,13:48:25,5151.8289,00008.7273,26966,09,006.0,-36.00,-2.75,4.33*B102
$$APEX,622,13:48:41,5151.8156,00008.6874,27078,07,023.4,-36.00,-2.75,4.33*1DC2
$$APEX,623,13:48:57,5151.8049,00008.6517,27177,06,032.6,-35.50,-2.75,4.33*E426
$$APEX,624,13:49:34,5151.7649,00008.5684,27401,06,032.7,-35.00,-2.75,4.33*9BD1
$$APEX,625,13:49:50,5151.7472,00008.5492,27501,08,012.7,-34.50,-2.75,4.33*7B5D
$$APEX,626,13:50:06,5151.7511,00008.4943,27599,08,005.6,-34.19,-2.75,4.33*E2AF
$$APEX,627,13:50:22,5151.7908,00008.4308,27685,07,010.5,-33.94,-2.75,4.33*4CAA
$$APEX,628,13:50:38,5151.8467,00008.3639,27789,07,021.3,-33.19,-2.75,4.33*EC7E
$$APEX,629,13:51:15,5151.9869,00008.2831,28013,06,017.9,-33.31,-2.75,4.33*C10E
$$APEX,630,13:51:31,5152.0264,00008.2622,28115,08,027.5,-32.75,-2.75,4.33*0C52
$$APEX,631,13:51:47,5152.0417,00008.2425,28219,08,022.8,-31.88,-2.75,4.32*CBCA
$$APEX,632,13:52:03,5152.0365,00008.2260,28289,08,014.4,-31.88,-2.75,4.33*1287
$$APEX,633,13:52:19,5152.0141,00008.2029,28401,04,011.8,-31.19,-2.69,4.32*CD52
$$APEX,634,13:52:56,5151.9818,00008.1531,28612,06,034.9,-30.88,-2.69,4.33*22CC
$$APEX,635,13:53:12,5151.9835,00008.1371,28727,06,012.6,-30.06,-2.69,4.32*BF49
$$APEX,636,13:53:28,5151.9669,00008.1146,28826,08,020.7,-29.69,-2.69,4.32*D722
$$APEX,637,13:53:44,5151.9723,00008.1130,28907,08,046.6,-29.50,-2.63,4.32*A9F0
$$APEX,638,13:54:00,5152.0196,00008.1018,29032,09,030.2,-29.44,-2.63,4.32*DCA6
$$APEX,639,13:54:37,5152.0891,00008.0287,29274,05,028.3,-29.63,-2.56,4.33*3C9A
$$APEX,640,13:54:53,5152.0869,00007.9755,29376,07,012.2,-29.31,-2.56,4.32*829E
$$APEX,641,13:55:09,5152.0752,00007.9107,29477,08,027.9,-28.19,-2.56,4.32*D7AB
$$APEX,642,13:55:25,5152.0632,00007.8379,29583,08,060.2,-28.50,-2.56,4.32*11AD
$$APEX,643,13:55:41,5152.0714,00007.7483,29666,06,020.1,-28.44,-2.50,4.32*1704
$$APEX,644,13:56:18,5152.1630,00007.5776,29892,05,020.1,-28.38,-2.50,4.33*41F8
$$APEX,645,13:56:34,5152.2283,00007.5046,29990,07,019.7,-26.94,-2.50,4.32*8953
$$APEX,646,13:56:50,5152.2894,00007.4658,30086,06,025.8,-26.81,-2.50,4.32*5043
$$APEX,647,13:57:06,5152.3586,00007.4909,30188,05,021.0,-27.06,-2.44,4.32*913A
$$APEX,648,13:57:22,5152.4167,00007.5359,30299,08,006.9,-27.00,-2.44,4.32*9C04
$$APEX,649,13:57:59,5152.4225,00007.6258,30546,08,028.3,-27.50,-2.44,4.32*B10F
$$APEX,650,13:58:15,5152.4025,00007.6837,30663,09,006.7,-27.81,-2.44,4.32*443A
$$APEX,651,13:58:31,5152.4003,00007.7607,30781,07,057.7,-27.31,-2.38,4.32*1868
$$APEX,652,13:58:47,5152.3947,00007.8580,30865,09,038.5,-26.88,-2.38,4.32*A9F8
$$APEX,653,13:59:03,5152.3743,00007.9890,30982,09,004.4,-27.31,-2.38,4.32*7466
$$APEX,654,13:59:40,5152.3281,00008.1861,31243,09,026.0,-27.44,-2.31,4.32*3EE0
$$APEX,655,13:59:56,5152.3212,00008.2074,31323,07,037.8,-28.25,-2.38,4.32*6944
$$APEX,656,14:00:12,5152.2991,00008.2359,31431,09,025.0,-27.63,-2.31,4.32*20C2
$$APEX,657,14:00:28,5152.2871,00008.2647,31531,09,024.4,-27.00,-2.31,4.32*7BA3
$$APEX,658,14:00:44,5152.2470,00008.3305,31616,09,027.6,-26.50,-2.31,4.32*D25F
$$APEX,659,14:01:21,5152.1253,00008.3088,31821,08,010.4,-26.13,-2.38,4.32*B10B
$$APEX,660,14:01:37,5152.0853,00008.2869,31937,09,052.0,-25.31,-2.38,4.32*A0CD
$$APEX,661,14:01:53,5152.0526,00008.2643,32014,09,023.7,-24.94,-2.38,4.32*0F88
$$APEX,662,14:02:09,5152.0408,00008.2310,32003,09,015.6,-24.50,-2.38,4.32*0F19
$$APEX,663,14:02:25,5151.9976,00008.2407,31461,09,008.4,-25.44,-2.44,4.31*7A08
$$APEX,664,14:03:02,5152.0095,00008.3708,30243,09,023.3,-28.19,-2.44,4.32*D304
$$APEX,665,14:03:18,5152.0267,00008.3073,29696,09,026.9,-33.25,-2.50,4.32*9A7E
$$APEX,666,14:03:34,5152.0498,00008.2383,29170,05,019.8,-34.81,-2.56,4.32*9441
$$APEX,667,14:03:50,5152.0629,00008.2121,28665,07,008.0,-35.88,-2.69,4.32*A933
$$APEX,668,14:04:06,5152.0694,00008.1896,28155,07,017.0,-37.06,-2.69,4.31*1FDF
$$APEX,669,14:04:43,5152.1022,00008.1524,26956,05,013.3,-38.06,-2.69,4.32*889D
$$APEX,670,14:04:59,5152.1168,00008.1293,26209,05,036.6,-41.25,-2.94,4.32*EDB9
$$APEX,671,14:05:15,5152.1358,00008.0207,25835,06,007.6,-42.88,-3.00,4.31*E5E8
$$APEX,672,14:05:31,5152.1431,00007.9969,25512,06,018.6,-44.19,-3.13,4.31*73A4
$$APEX,673,14:05:47,5152.1539,00007.9114,25087,05,024.4,-45.25,-3.25,4.31*7A6A
$$APEX,674,14:06:24,5152.0920,00007.7856,23588,07,000.0,-46.06,-3.44,4.32*65B5
$$APEX,675,14:06:40,5152.0856,00007.7590,23330,08,015.1,-47.81,-3.88,4.31*1BD5
$$APEX,676,14:06:56,5152.0687,00007.7170,22874,08,016.3,-48.31,-4.13,4.31*CF75
$$APEX,677,14:07:12,5152.0345,00007.6516,22352,07,021.8,-48.56,-4.44,4.31*5FC3
$$APEX,678,14:07:28,5151.9882,00007.6438,21841,07,020.5,-49.06,-4.81,4.31*3395
$$APEX,679,14:08:05,5151.8668,00007.6849,20648,05,025.7,-49.75,-5.13,4.32*8A09
$$APEX,680,14:08:21,5151.8719,00007.7330,20189,05,007.9,-50.94,-6.13,4.31*5103
$$APEX,681,14:08:37,5151.8425,00007.7494,19751,05,000.0,-51.88,-6.63,4.31*56A4
$$APEX,682,14:08:53,5151.8328,00007.6979,19265,04,019.0,-52.44,-7.13,4.31*91DB
$$APEX,683,14:09:09,5151.7762,00007.7059,18914,06,019.4,-53.00,-7.63,4.31*AD53
$$APEX,684,14:09:46,5151.6564,00007.6824,18019,07,033.1,-52.94,-8.19,4.31*4995
$$APEX,685,14:10:02,5151.5716,00007.6457,17519,06,031.7,-52.94,-9.56,4.31*B75B
$$APEX,686,14:10:18,5151.4966,00007.6084,17180,08,034.8,-52.13,-10.19,4.31*B344
$$APEX,687,14:10:34,5151.3989,00007.5858,16803,07,041.1,-51.25,-10.81,4.31*D16D
$$APEX,688,14:10:50,5151.3009,00007.5472,16460,06,045.9,-51.06,-11.44,4.31*3771
$$APEX,689,14:11:27,5151.1102,00007.6173,15649,05,026.8,-51.06,-12.13,4.31*A694
$$APEX,690,14:11:43,5151.0575,00007.5995,15444,04,033.1,-51.44,-13.63,4.30*EBC6
$$APEX,691,14:11:59,5150.9822,00007.5251,15047,06,042.9,-51.19,-14.38,4.30*D480
$$APEX,692,14:12:15,5150.8808,00007.5079,14745,06,042.1,-51.56,-15.06,4.30*079D
$$APEX,693,14:12:31,5150.7761,00007.5024,14448,07,034.4,-51.88,-15.75,4.30*60A9
$$APEX,694,14:13:08,5150.5859,00007.4339,13790,06,040.3,-52.00,-16.50,4.30*CACE
$$APEX,695,14:13:24,5150.4965,00007.4135,13506,04,043.7,-53.94,-18.13,4.30*7A06
$$APEX,696,14:13:40,5150.4296,00007.3537,13288,06,019.4,-54.81,-18.88,4.30*6570
$$APEX,697,14:13:56,5150.3835,00007.3041,12949,05,038.7,-56.31,-19.63,4.30*4500
$$APEX,698,14:14:12,5150.2648,00007.2642,12759,06,058.1,-58.38,-20.44,4.30*5B7F
$$APEX,699,14:14:49,5150.0092,00007.4384,12204,04,046.7,-59.75,-21.25,4.30*972B
$$APEX,700,14:15:05,5149.9197,00007.5450,11966,04,048.2,-60.81,-23.19,4.29*9041
$$APEX,701,14:15:21,5149.8347,00007.6488,11738,06,044.7,-60.00,-24.06,4.29*4213
$$APEX,702,14:15:37,5149.7512,00007.7581,11523,05,042.6,-58.69,-24.88,4.29*90B5
$$APEX,703,14:15:53,5149.6629,00007.8596,11283,05,045.3,-57.13,-25.69,4.29*44D0
$$APEX,704,14:16:30,5149.4124,00008.0413,10778,07,057.2,-55.56,-26.44,4.28*4ED9
$$APEX,705,14:16:46,5149.2813,00008.0890,10559,05,052.4,-51.75,-28.00,4.28*0FE7
$$APEX,706,14:17:02,5149.1518,00008.1449,10338,05,052.7,-50.25,-28.63,4.27*4773
$$APEX,707,14:17:18,5149.0379,00008.2092,10132,05,047.9,-48.63,-29.13,4.27*447B
$$APEX,708,14:17:34,5148.9420,00008.2788,09923,04,036.0,-47.06,-29.63,4.27*E324
$$APEX,709,14:18:11,5148.7683,00008.4215,09443,05,037.5,-45.44,-30.06,4.27*4A21
$$APEX,710,14:18:27,5148.6915,00008.4908,09258,06,035.0,-41.88,-30.81,4.26*7050
$$APEX,711,14:18:43,5148.6080,00008.5558,09064,05,038.7,-40.94,-31.06,4.26*960A
$$APEX,712,14:18:59,5148.5301,00008.6350,08871,07,037.7,-38.88,-31.19,4.26*51EF
$$APEX,713,14:19:15,5148.4523,00008.7058,08692,05,037.3,-37.44,-31.31,4.26*EA2C
$$APEX,714,14:19:52,5148.2854,00008.8708,08266,05,033.4,-36.38,-31.31,4.26*167B
$$APEX,715,14:20:08,5148.2214,00008.9376,08113,07,029.5,-33.19,-31.06,4.25*ECF1
$$APEX,716,14:20:24,5148.1640,00008.9981,07984,04,028.6,-31.88,-30.88,4.25*B1F9
$$APEX,717,14:20:40,5148.0972,00009.0496,07824,06,030.5,-30.56,-30.69,4.24*CD62
$$APEX,718,14:20:56,5148.0281,00009.0953,07633,05,030.5,-29.25,-30.38,4.24*248F
$$APEX,719,14:21:33,5147.8586,00009.1707,07225,04,037.0,-27.88,-30.13,4.24*321D
$$APEX,720,14:21:49,5147.7655,00009.1806,07071,06,038.9,-24.88,-29.31,4.23*49D4
$$APEX,721,14:22:05,5147.6755,00009.1800,06904,06,038.1,-23.63,-28.88,4.23*7EF7
$$APEX,722,14:22:21,5147.5810,00009.1720,06749,06,039.9,-22.31,-28.50,4.23*ACA9
$$APEX,723,14:22:37,5147.4774,00009.1630,06615,05,041.0,-21.13,-28.00,4.22*6012
$$APEX,724,14:23:14,5147.2425,00009.1432,06279,04,041.9,-19.88,-27.50,4.23*1CA5
$$APEX,725,14:23:30,5147.1506,00009.1191,06121,04,037.2,-17.06,-26.31,4.22*FA13
$$APEX,726,14:23:46,5147.0696,00009.1017,05972,06,032.0,-15.94,-25.69,4.22*A874
$$APEX,727,14:24:02,5146.9978,00009.0879,05815,06,029.5,-14.88,-25.13,4.22*B9AB
$$APEX,728,14:24:18,5146.9416,00009.1056,05696,05,022.8,-13.94,-24.50,4.22*8568
$$APEX,729,14:24:55,5146.8381,00009.2334,05368,07,027.2,-13.06,-23.94,4.22*CC8B
$$APEX,730,14:25:11,5146.7929,00009.2883,05227,06,021.8,-10.94,-22.50,4.22*1637
$$APEX,731,14:25:27,5146.7487,00009.3440,05089,05,022.9,-10.06,-21.88,4.22*D80F
$$APEX,732,14:25:43,5146.7023,00009.3809,04953,05,023.0,-9.25,-21.25,4.21*0E38
$$APEX,733,14:25:59,5146.6529,00009.4126,04806,06,022.2,-8.38,-20.63,4.21*9ABC
$$APEX,734,14:26:36,5146.5252,00009.5089,04472,05,028.5,-7.38,-19.94,4.22*5CD3
$$APEX,735,14:26:52,5146.4669,00009.5635,04323,05,028.2,-5.00,-18.31,4.21*0260
$$APEX,736,14:27:08,5146.4077,00009.6183,04180,06,028.2,-3.94,-17.63,4.21*7D80
$$APEX,737,14:27:24,5146.3447,00009.6609,04036,05,032.2,-2.94,-16.81,4.21*8025
$$APEX,738,14:27:40,5146.2792,00009.7068,03888,05,028.9,-1.88,-16.06,4.21*268C
$$APEX,739,14:28:17,5146.1304,00009.7857,03498,06,031.3,-0.81,-15.25,4.22*CE13
$$APEX,740,14:28:33,5146.0577,00009.8384,03258,05,037.5,1.88,-13.13,4.21*F202
$$APEX,741,14:28:49,5145.9724,00009.9060,03120,04,039.3,3.19,-12.25,4.21*BEEA
$$APEX,742,14:29:05,5145.8872,00009.9520,02960,05,036.1,4.38,-11.25,4.21*242F
$$APEX,743,14:29:21,5145.8056,00009.9674,02813,05,030.8,5.56,-10.38,4.21*4845
$$APEX,744,14:29:58,5145.6812,00009.9219,02526,05,014.0,6.44,-9.44,4.22*04F6
$$APEX,745,14:30:14,5145.6481,00009.8715,02382,06,021.9,7.81,-7.44,4.22*6A33
$$APEX,746,14:30:30,5145.6023,00009.8255,02234,05,019.4,8.13,-6.69,4.22*21EF
$$APEX,747,14:30:46,5145.5615,00009.7839,02077,05,022.1,8.06,-5.88,4.22*19DE
$$APEX,748,14:31:02,5145.5001,00009.7715,01935,05,022.7,7.69,-5.13,4.22*3A55
$$APEX,749,14:31:39,5145.4092,00009.7655,01596,07,011.5,7.63,-4.38,4.22*DF76
$$APEX,750,14:31:55,5145.3827,00009.7719,01459,04,011.7,8.75,-2.63,4.22*5BA7
$$APEX,751,14:32:11,5145.3464,00009.7839,01306,05,016.4,9.44,-1.94,4.23*79E5
$$APEX,752,14:32:27,5145.3035,00009.7914,01160,06,021.3,10.13,-1.19,4.23*644A
$$APEX,753,14:32:43,5145.2537,00009.8029,01001,06,023.0,11.06,-0.44,4.23*1772
$$APEX,754,14:33:20,5145.1611,00009.8708,00664,06,008.2,11.81,0.31,4.25*F38F
$$APEX,755,14:33:36,5145.1567,00009.8970,00541,05,007.5,10.38,2.19,4.25*DBA5
$$APEX,756,14:33:52,5145.1567,00009.9094,00347,05,000.0,10.69,2.94,4.25*4C26
$$APEX,757,14:34:08,5145.1458,00009.9209,00304,05,008.6,11.50,3.63,4.26*F15E
$$APEX,758,14:34:24,5145.1329,00009.9314,00171,05,000.0,12.56,4.38,4.26*8997
$$APEX,759,14:35:01,5145.1326,00009.9322,00165,06,000.0,13.88,4.50,4.26*91B1
$$APEX,760,14:35:17,5145.1323,00009.9324,00163,05,000.0,16.63,4.44,4.26*2F0E
$$APEX,761,14:35:33,5145.1317,00009.9339,00153,05,000.0,17.50,4.50,4.27*CD2C
$$APEX,762,14:35:49,5145.1265,00009.9395,00111,06,000.0,18.13,4.63,4.27*A2C0
$$APEX,763,14:36:05,5145.1265,00009.9398,00110,06,000.0,18.56,4.69,4.27*02E9
$$APEX,764,14:36:42,5145.1253,00009.9413,00097,06,000.0,18.88,4.75,4.29*3D27
$$APEX,765,14:36:58,5145.1248,00009.9418,00092,05,000.0,19.19,4.88,4.29*9A3D
$$APEX,766,14:37:14,5145.1248,00009.9421,00091,06,000.0,19.38,4.94,4.29*3559
$$APEX,767,14:37:30,5145.1244,00009.9427,00086,06,000.0,19.50,4.94,4.29*A9C5
$$APEX,768,14:37:46,5145.1245,00009.9429,00085,06,000.0,19.63,5.00,4.30*7BB2
$$APEX,769,14:38:23,5145.1239,00009.9439,00077,06,000.0,19.69,5.06,4.30*8061
$$APEX,770,14:38:39,5145.1237,00009.9442,00074,05,000.0,19.81,5.06,4.30*C87E
$$APEX,771,14:38:55,5145.1238,00009.9443,00073,06,000.0,19.81,5.13,4.30*F39E
$$APEX,772,14:39:11,5145.1239,00009.9445,00073,06,000.0,20.00,5.13,4.31*7D81
$$APEX,773,14:39:27,5145.1240,00009.9446,00072,05,000.0,20.06,5.13,4.31*72E0
$$APEX,774,14:40:04,5145.1242,00009.9448,00070,06,000.0,20.19,5.19,4.32*0870
$$APEX,775,14:40:20,5145.1243,00009.9449,00070,06,000.0,20.25,5.19,4.32*816B
$$APEX,776,14:40:36,5145.1243,00009.9449,00069,06,000.0,20.31,5.25,4.32*8AFA
$$APEX,777,14:40:52,5145.1244,00009.9450,00069,06,000.0,20.31,5.25,4.32*ACDA
$$APEX,778,14:41:08,5145.1244,00009.9450,00068,06,000.0,20.44,5.31,4.33*0E6A
$$APEX,779,14:41:45,5145.1245,00009.9451,00068,06,000.0,20.50,5.31,4.34*9A5B
$$APEX,780,14:42:01,5145.1246,00009.9451,00067,06,000.0,20.25,5.63,4.34*EDE0
$$APEX,781,14:42:17,5145.1246,00009.9451,00067,05,000.0,20.31,5.75,4.34*D29F
$$APEX,782,14:42:33,5145.1247,00009.9451,00067,06,000.0,20.50,5.81,4.34*F30E
$$APEX,783,14:42:49,5145.1247,00009.9451,00067,07,000.0,20.56,5.94,4.34*32A6
$$APEX,784,14:43:26,5145.1248,00009.9450,00066,05,000.0,20.50,6.13,4.34*005F
$$APEX,785,14:43:42,5145.1249,00009.9450,00066,06,000.0,20.13,6.50,4.34*A29F
$$APEX,786,14:43:58,5145.1249,00009.9449,00066,06,000.0,20.06,6.69,4.34*A6D2
$$APEX,787,14:44:14,5145.1250,00009.9448,00066,06,000.0,19.81,6.81,4.35*07B0
$$APEX,788,14:44:30,5145.1250,00009.9447,00066,06,000.0,19.81,6.88,4.35*9138
$$APEX,789,14:45:07,5145.1156,00009.9218,00073,06,000.0,19.63,6.88,4.36*BD30
$$APEX,790,14:45:23,5145.1156,00009.9218,00073,05,000.0,18.50,7.19,4.36*2098
$$APEX,791,14:45:39,5145.1135,00009.9223,00075,06,004.9,19.31,7.19,4.36*4E77
$$APEX,792,14:45:55,5145.1067,00009.9269,00078,07,000.0,19.63,7.31,4.36*EA2D
$$APEX,793,14:46:11,5145.0998,00009.9240,00083,07,000.0,19.06,7.38,4.36*7DA1
$$APEX,794,14:46:48,5145.0796,00009.9322,00084,05,005.4,18.81,7.50,4.37*CC27
$$APEX,795,14:47:04,5145.0684,00009.9358,00081,04,004.4,18.69,7.69,4.36*BC8C
$$APEX,796,14:47:20,5145.0572,00009.9382,00081,06,000.0,18.63,7.75,4.36*4021
$$APEX,797,14:47:36,5145.0542,00009.9370,00087,06,000.0,18.50,7.94,4.36*A132
$$APEX,798,14:47:52,5145.0541,00009.9369,00087,05,000.0,18.94,8.00,4.36*866E
$$APEX,799,14:48:29,5145.0550,00009.9355,00089,06,000.0,19.56,8.06,4.37*7D38
$$APEX,800,14:48:45,5145.0525,00009.9348,00089,07,000.0,19.13,8.38,4.37*7131
